[INFO: train.py:  257]: Namespace(batch_size=None, config='./configs/c3d_ucf101.yaml', epoch=None, learning_rate=None, model_name='c3d', pretrain='./pretrain/r3d50_km_200ep', resume=True, save_dir='./checkpoints', use_gpu=True)
[INFO: train.py:   82]: 2020-09-04 01:08:58.271015
[INFO: config.py:   68]: ---------------- Train Arguments ----------------
[INFO: config.py:   70]: MODEL:
[INFO: config.py:   72]:     name:C3D
[INFO: config.py:   72]:     format:jpg
[INFO: config.py:   72]:     num_classes:101
[INFO: config.py:   72]:     seg_num:1
[INFO: config.py:   72]:     seglen:16
[INFO: config.py:   72]:     step:1
[INFO: config.py:   72]:     image_mean:[0.485, 0.456, 0.406]
[INFO: config.py:   72]:     image_std:[0.229, 0.224, 0.225]
[INFO: config.py:   72]:     num_layers:50
[INFO: config.py:   72]:     topk:5
[INFO: config.py:   72]:     classind:./data/ucf101_splite/classInd.txt
[INFO: config.py:   70]: TRAIN:
[INFO: config.py:   72]:     epoch:12
[INFO: config.py:   72]:     short_size:120
[INFO: config.py:   72]:     target_size:112
[INFO: config.py:   72]:     num_reader_threads:12
[INFO: config.py:   72]:     seg_num:1
[INFO: config.py:   72]:     buf_size:1024
[INFO: config.py:   72]:     batch_size:256
[INFO: config.py:   72]:     use_gpu:True
[INFO: config.py:   72]:     num_gpus:1
[INFO: config.py:   72]:     filelist:./data/ucf101_splite/trainlist01.txt
[INFO: config.py:   72]:     learning_rate:0.001
[INFO: config.py:   72]:     learning_rate_decay:1
[INFO: config.py:   72]:     l2_weight_decay:0.001
[INFO: config.py:   72]:     momentum:0.9
[INFO: config.py:   72]:     video_path:./data/ucf101
[INFO: config.py:   72]:     total_videos:9537
[INFO: config.py:   70]: VALID:
[INFO: config.py:   72]:     short_size:120
[INFO: config.py:   72]:     target_size:112
[INFO: config.py:   72]:     seg_num:1
[INFO: config.py:   72]:     num_reader_threads:12
[INFO: config.py:   72]:     buf_size:1024
[INFO: config.py:   72]:     batch_size:32
[INFO: config.py:   72]:     filelist:./data/ucf101_splite/testlist01.txt
[INFO: config.py:   72]:     video_path:./data/ucf101
[INFO: config.py:   70]: TEST:
[INFO: config.py:   72]:     seg_num:1
[INFO: config.py:   72]:     short_size:120
[INFO: config.py:   72]:     target_size:112
[INFO: config.py:   72]:     num_reader_threads:6
[INFO: config.py:   72]:     buf_size:1024
[INFO: config.py:   72]:     batch_size:1
[INFO: config.py:   72]:     filelist:./data/ucf101_splite/testlist01.txt
[INFO: config.py:   72]:     video_path:./data/ucf101
[INFO: config.py:   73]: -------------------------------------------------
[INFO: train.py:  160]: Epoch0 lr=0.001
[INFO: ucf101_reader.py:  232]: trainerid 0, trainer_count 1
[INFO: ucf101_reader.py:  236]: read images from 0, length: 9537, lines length: 9537, total: 9537
[INFO: train.py:  194]: Loss at epoch 0 step 0: [0.08017443], acc: [0.984375]
[INFO: train.py:  194]: Loss at epoch 0 step 10: [0.08526821], acc: [0.98828125]
[INFO: train.py:  194]: Loss at epoch 0 step 20: [0.05643236], acc: [0.99609375]
[INFO: train.py:  194]: Loss at epoch 0 step 30: [0.08232735], acc: [0.98046875]
[INFO: ucf101_reader.py:  232]: trainerid 0, trainer_count 1
[INFO: ucf101_reader.py:  236]: read images from 0, length: 3783, lines length: 3783, total: 3783
[INFO: train.py:  217]: valid Loss at step 0: [0.03420161], acc: [1.]
[INFO: train.py:  217]: valid Loss at step 20: [0.4898618], acc: [0.84375]
[INFO: train.py:  217]: valid Loss at step 40: [1.0303144], acc: [0.71875]
[INFO: train.py:  217]: valid Loss at step 60: [0.48917812], acc: [0.875]
[INFO: train.py:  217]: valid Loss at step 80: [0.28385776], acc: [0.9375]
[INFO: train.py:  217]: valid Loss at step 100: [0.24554509], acc: [0.875]
[INFO: train.py:  220]: 验证集准确率为:0.9104872941970825
[INFO: train.py:  222]: 验证集loss为:0.30473849177360535
[INFO: train.py:  160]: Epoch1 lr=0.0010000000474974513
[INFO: ucf101_reader.py:  232]: trainerid 0, trainer_count 1
[INFO: ucf101_reader.py:  236]: read images from 0, length: 9537, lines length: 9537, total: 9537
[INFO: train.py:  194]: Loss at epoch 1 step 0: [0.06268629], acc: [0.984375]
[INFO: train.py:  194]: Loss at epoch 1 step 10: [0.07009648], acc: [0.98828125]
[INFO: train.py:  194]: Loss at epoch 1 step 20: [0.07428841], acc: [0.9921875]
[INFO: train.py:  194]: Loss at epoch 1 step 30: [0.10032669], acc: [0.98046875]
[INFO: ucf101_reader.py:  232]: trainerid 0, trainer_count 1
[INFO: ucf101_reader.py:  236]: read images from 0, length: 3783, lines length: 3783, total: 3783
[INFO: train.py:  217]: valid Loss at step 0: [0.02805256], acc: [1.]
[INFO: train.py:  217]: valid Loss at step 20: [0.5093351], acc: [0.84375]
[INFO: train.py:  217]: valid Loss at step 40: [0.9083939], acc: [0.75]
[INFO: train.py:  217]: valid Loss at step 60: [0.515045], acc: [0.875]
[INFO: train.py:  217]: valid Loss at step 80: [0.28974998], acc: [0.90625]
[INFO: train.py:  217]: valid Loss at step 100: [0.21444666], acc: [1.]
[INFO: train.py:  220]: 验证集准确率为:0.9118114113807678
[INFO: train.py:  222]: 验证集loss为:0.30306750535964966
[INFO: train.py:  160]: Epoch2 lr=0.0010000000474974513
[INFO: ucf101_reader.py:  232]: trainerid 0, trainer_count 1
[INFO: ucf101_reader.py:  236]: read images from 0, length: 9537, lines length: 9537, total: 9537
[INFO: train.py:  194]: Loss at epoch 2 step 0: [0.08329477], acc: [0.984375]
[INFO: train.py:  194]: Loss at epoch 2 step 10: [0.06728388], acc: [0.9921875]
[INFO: train.py:  194]: Loss at epoch 2 step 20: [0.06744049], acc: [0.98828125]
[INFO: train.py:  194]: Loss at epoch 2 step 30: [0.06680538], acc: [0.98828125]
[INFO: ucf101_reader.py:  232]: trainerid 0, trainer_count 1
[INFO: ucf101_reader.py:  236]: read images from 0, length: 3783, lines length: 3783, total: 3783
[INFO: train.py:  217]: valid Loss at step 0: [0.03279203], acc: [1.]
[INFO: train.py:  217]: valid Loss at step 20: [0.49071673], acc: [0.8125]
[INFO: train.py:  217]: valid Loss at step 40: [0.97140086], acc: [0.71875]
[INFO: train.py:  217]: valid Loss at step 60: [0.36279714], acc: [0.90625]
[INFO: train.py:  217]: valid Loss at step 80: [0.25800142], acc: [0.9375]
[INFO: train.py:  217]: valid Loss at step 100: [0.20452754], acc: [0.96875]
[INFO: train.py:  220]: 验证集准确率为:0.9120762944221497
[INFO: train.py:  222]: 验证集loss为:0.3013170063495636
[INFO: train.py:  160]: Epoch3 lr=0.0010000000474974513
[INFO: ucf101_reader.py:  232]: trainerid 0, trainer_count 1
[INFO: ucf101_reader.py:  236]: read images from 0, length: 9537, lines length: 9537, total: 9537
[INFO: train.py:  194]: Loss at epoch 3 step 0: [0.04406364], acc: [0.99609375]
[INFO: train.py:  194]: Loss at epoch 3 step 10: [0.08359189], acc: [0.984375]
[INFO: train.py:  194]: Loss at epoch 3 step 20: [0.06612037], acc: [0.98828125]
[INFO: train.py:  194]: Loss at epoch 3 step 30: [0.08021542], acc: [0.98046875]
[INFO: ucf101_reader.py:  232]: trainerid 0, trainer_count 1
[INFO: ucf101_reader.py:  236]: read images from 0, length: 3783, lines length: 3783, total: 3783
[INFO: train.py:  217]: valid Loss at step 0: [0.02581432], acc: [1.]
[INFO: train.py:  217]: valid Loss at step 20: [0.4675186], acc: [0.84375]
[INFO: train.py:  217]: valid Loss at step 40: [0.92455584], acc: [0.71875]
[INFO: train.py:  217]: valid Loss at step 60: [0.5394328], acc: [0.875]
[INFO: train.py:  217]: valid Loss at step 80: [0.25139755], acc: [0.90625]
[INFO: train.py:  217]: valid Loss at step 100: [0.2278836], acc: [0.9375]
[INFO: train.py:  220]: 验证集准确率为:0.9091631174087524
[INFO: train.py:  222]: 验证集loss为:0.3017464578151703
[INFO: train.py:  160]: Epoch4 lr=0.0010000000474974513
[INFO: ucf101_reader.py:  232]: trainerid 0, trainer_count 1
[INFO: ucf101_reader.py:  236]: read images from 0, length: 9537, lines length: 9537, total: 9537
[INFO: train.py:  194]: Loss at epoch 4 step 0: [0.04860111], acc: [0.99609375]
[INFO: train.py:  194]: Loss at epoch 4 step 10: [0.06920422], acc: [0.99609375]
[INFO: train.py:  194]: Loss at epoch 4 step 20: [0.06038317], acc: [0.98828125]
[INFO: train.py:  194]: Loss at epoch 4 step 30: [0.06832485], acc: [0.9921875]
[INFO: ucf101_reader.py:  232]: trainerid 0, trainer_count 1
[INFO: ucf101_reader.py:  236]: read images from 0, length: 3783, lines length: 3783, total: 3783
[INFO: train.py:  217]: valid Loss at step 0: [0.02605055], acc: [1.]
[INFO: train.py:  217]: valid Loss at step 20: [0.49492255], acc: [0.84375]
[INFO: train.py:  217]: valid Loss at step 40: [0.8823456], acc: [0.75]
[INFO: train.py:  217]: valid Loss at step 60: [0.5374195], acc: [0.84375]
[INFO: train.py:  217]: valid Loss at step 80: [0.28274125], acc: [0.90625]
[INFO: train.py:  217]: valid Loss at step 100: [0.22739142], acc: [0.96875]
[INFO: train.py:  220]: 验证集准确率为:0.9115465879440308
[INFO: train.py:  222]: 验证集loss为:0.3005298972129822
[INFO: train.py:  160]: Epoch5 lr=0.0010000000474974513
[INFO: ucf101_reader.py:  232]: trainerid 0, trainer_count 1
[INFO: ucf101_reader.py:  236]: read images from 0, length: 9537, lines length: 9537, total: 9537
[INFO: train.py:  194]: Loss at epoch 5 step 0: [0.05974347], acc: [1.]
[INFO: train.py:  194]: Loss at epoch 5 step 10: [0.06340951], acc: [0.984375]
[INFO: train.py:  194]: Loss at epoch 5 step 20: [0.06037465], acc: [0.99609375]
[INFO: train.py:  194]: Loss at epoch 5 step 30: [0.07476417], acc: [0.984375]
[INFO: ucf101_reader.py:  232]: trainerid 0, trainer_count 1
[INFO: ucf101_reader.py:  236]: read images from 0, length: 3783, lines length: 3783, total: 3783
[INFO: train.py:  217]: valid Loss at step 0: [0.02725955], acc: [1.]
[INFO: train.py:  217]: valid Loss at step 20: [0.49269247], acc: [0.84375]
[INFO: train.py:  217]: valid Loss at step 40: [0.8862613], acc: [0.71875]
[INFO: train.py:  217]: valid Loss at step 60: [0.65485156], acc: [0.78125]
[INFO: train.py:  217]: valid Loss at step 80: [0.2711501], acc: [0.90625]
[INFO: train.py:  217]: valid Loss at step 100: [0.20948644], acc: [1.]
[INFO: train.py:  220]: 验证集准确率为:0.9099576473236084
[INFO: train.py:  222]: 验证集loss为:0.306497186422348
[INFO: train.py:  160]: Epoch6 lr=0.0010000000474974513
[INFO: ucf101_reader.py:  232]: trainerid 0, trainer_count 1
[INFO: ucf101_reader.py:  236]: read images from 0, length: 9537, lines length: 9537, total: 9537
[INFO: train.py:  194]: Loss at epoch 6 step 0: [0.09736757], acc: [0.97265625]
[INFO: train.py:  194]: Loss at epoch 6 step 10: [0.05640552], acc: [0.98828125]
[INFO: train.py:  194]: Loss at epoch 6 step 20: [0.0764375], acc: [0.984375]
[INFO: train.py:  194]: Loss at epoch 6 step 30: [0.07156819], acc: [0.9765625]
[INFO: ucf101_reader.py:  232]: trainerid 0, trainer_count 1
[INFO: ucf101_reader.py:  236]: read images from 0, length: 3783, lines length: 3783, total: 3783
[INFO: train.py:  217]: valid Loss at step 0: [0.02810996], acc: [1.]
[INFO: train.py:  217]: valid Loss at step 20: [0.49019834], acc: [0.8125]
[INFO: train.py:  217]: valid Loss at step 40: [0.9289461], acc: [0.71875]
[INFO: train.py:  217]: valid Loss at step 60: [0.47906727], acc: [0.875]
[INFO: train.py:  217]: valid Loss at step 80: [0.2833464], acc: [0.90625]
[INFO: train.py:  217]: valid Loss at step 100: [0.14836046], acc: [1.]
[INFO: train.py:  220]: 验证集准确率为:0.9104872941970825
[INFO: train.py:  222]: 验证集loss为:0.3068870007991791
[INFO: train.py:  160]: Epoch7 lr=0.0010000000474974513
[INFO: ucf101_reader.py:  232]: trainerid 0, trainer_count 1
[INFO: ucf101_reader.py:  236]: read images from 0, length: 9537, lines length: 9537, total: 9537
[INFO: train.py:  194]: Loss at epoch 7 step 0: [0.06641825], acc: [0.98046875]
[INFO: train.py:  194]: Loss at epoch 7 step 10: [0.05415127], acc: [0.99609375]
[INFO: train.py:  194]: Loss at epoch 7 step 20: [0.05202253], acc: [0.98828125]
[INFO: train.py:  194]: Loss at epoch 7 step 30: [0.06687663], acc: [0.984375]
[INFO: ucf101_reader.py:  232]: trainerid 0, trainer_count 1
[INFO: ucf101_reader.py:  236]: read images from 0, length: 3783, lines length: 3783, total: 3783
[INFO: train.py:  217]: valid Loss at step 0: [0.02782843], acc: [1.]
[INFO: train.py:  217]: valid Loss at step 20: [0.45408452], acc: [0.8125]
[INFO: train.py:  217]: valid Loss at step 40: [0.9264014], acc: [0.71875]
[INFO: train.py:  217]: valid Loss at step 60: [0.48093396], acc: [0.875]
[INFO: train.py:  217]: valid Loss at step 80: [0.31785798], acc: [0.90625]
[INFO: train.py:  217]: valid Loss at step 100: [0.21772367], acc: [0.96875]
[INFO: train.py:  220]: 验证集准确率为:0.9107521176338196
[INFO: train.py:  222]: 验证集loss为:0.30423420667648315
[INFO: train.py:  160]: Epoch8 lr=0.0010000000474974513
[INFO: ucf101_reader.py:  232]: trainerid 0, trainer_count 1
[INFO: ucf101_reader.py:  236]: read images from 0, length: 9537, lines length: 9537, total: 9537
[INFO: train.py:  194]: Loss at epoch 8 step 0: [0.07911953], acc: [0.984375]
[INFO: train.py:  194]: Loss at epoch 8 step 10: [0.05996116], acc: [0.98828125]
[INFO: train.py:  194]: Loss at epoch 8 step 20: [0.05156249], acc: [0.98828125]
[INFO: train.py:  194]: Loss at epoch 8 step 30: [0.05457979], acc: [0.9921875]
[INFO: ucf101_reader.py:  232]: trainerid 0, trainer_count 1
[INFO: ucf101_reader.py:  236]: read images from 0, length: 3783, lines length: 3783, total: 3783
[INFO: train.py:  217]: valid Loss at step 0: [0.02590929], acc: [1.]
[INFO: train.py:  217]: valid Loss at step 20: [0.4678076], acc: [0.8125]
[INFO: train.py:  217]: valid Loss at step 40: [0.96323276], acc: [0.75]
[INFO: train.py:  217]: valid Loss at step 60: [0.54210854], acc: [0.84375]
[INFO: train.py:  217]: valid Loss at step 80: [0.27691597], acc: [0.90625]
[INFO: train.py:  217]: valid Loss at step 100: [0.2096794], acc: [0.9375]
[INFO: train.py:  220]: 验证集准确率为:0.9099576473236084
[INFO: train.py:  222]: 验证集loss为:0.30670416355133057
[INFO: train.py:  160]: Epoch9 lr=0.0010000000474974513
[INFO: ucf101_reader.py:  232]: trainerid 0, trainer_count 1
[INFO: ucf101_reader.py:  236]: read images from 0, length: 9537, lines length: 9537, total: 9537
[INFO: train.py:  194]: Loss at epoch 9 step 0: [0.06847434], acc: [0.98828125]
[INFO: train.py:  194]: Loss at epoch 9 step 10: [0.07204947], acc: [0.9921875]
[INFO: train.py:  194]: Loss at epoch 9 step 20: [0.08687918], acc: [0.98046875]
[INFO: train.py:  194]: Loss at epoch 9 step 30: [0.04620063], acc: [0.99609375]
[INFO: ucf101_reader.py:  232]: trainerid 0, trainer_count 1
[INFO: ucf101_reader.py:  236]: read images from 0, length: 3783, lines length: 3783, total: 3783
[INFO: train.py:  217]: valid Loss at step 0: [0.03232995], acc: [1.]
[INFO: train.py:  217]: valid Loss at step 20: [0.49741277], acc: [0.8125]
[INFO: train.py:  217]: valid Loss at step 40: [0.93365055], acc: [0.71875]
[INFO: train.py:  217]: valid Loss at step 60: [0.35208917], acc: [0.90625]
[INFO: train.py:  217]: valid Loss at step 80: [0.2598015], acc: [0.9375]
[INFO: train.py:  217]: valid Loss at step 100: [0.21484253], acc: [1.]
[INFO: train.py:  220]: 验证集准确率为:0.9131355881690979
[INFO: train.py:  222]: 验证集loss为:0.2989687919616699
[INFO: train.py:  160]: Epoch10 lr=0.0010000000474974513
[INFO: ucf101_reader.py:  232]: trainerid 0, trainer_count 1
[INFO: ucf101_reader.py:  236]: read images from 0, length: 9537, lines length: 9537, total: 9537
[INFO: train.py:  194]: Loss at epoch 10 step 0: [0.07745217], acc: [0.98046875]
[INFO: train.py:  194]: Loss at epoch 10 step 10: [0.07180268], acc: [0.98046875]
[INFO: train.py:  194]: Loss at epoch 10 step 20: [0.08736999], acc: [0.9765625]
[INFO: train.py:  194]: Loss at epoch 10 step 30: [0.05122808], acc: [0.99609375]
[INFO: ucf101_reader.py:  232]: trainerid 0, trainer_count 1
[INFO: ucf101_reader.py:  236]: read images from 0, length: 3783, lines length: 3783, total: 3783
[INFO: train.py:  217]: valid Loss at step 0: [0.03035605], acc: [1.]
[INFO: train.py:  217]: valid Loss at step 20: [0.48185802], acc: [0.8125]
[INFO: train.py:  217]: valid Loss at step 40: [0.9961549], acc: [0.71875]
[INFO: train.py:  217]: valid Loss at step 60: [0.4905739], acc: [0.875]
[INFO: train.py:  217]: valid Loss at step 80: [0.25237086], acc: [0.9375]
[INFO: train.py:  217]: valid Loss at step 100: [0.1845861], acc: [1.]
[INFO: train.py:  220]: 验证集准确率为:0.9112817645072937
[INFO: train.py:  222]: 验证集loss为:0.2976631820201874
[INFO: train.py:  160]: Epoch11 lr=0.0010000000474974513
[INFO: ucf101_reader.py:  232]: trainerid 0, trainer_count 1
[INFO: ucf101_reader.py:  236]: read images from 0, length: 9537, lines length: 9537, total: 9537
[INFO: train.py:  194]: Loss at epoch 11 step 0: [0.04570982], acc: [0.98828125]
[INFO: train.py:  194]: Loss at epoch 11 step 10: [0.03517688], acc: [1.]
[INFO: train.py:  194]: Loss at epoch 11 step 20: [0.0413175], acc: [0.99609375]
[INFO: train.py:  194]: Loss at epoch 11 step 30: [0.04903015], acc: [0.99609375]
[INFO: ucf101_reader.py:  232]: trainerid 0, trainer_count 1
[INFO: ucf101_reader.py:  236]: read images from 0, length: 3783, lines length: 3783, total: 3783
[INFO: train.py:  217]: valid Loss at step 0: [0.02370201], acc: [1.]
[INFO: train.py:  217]: valid Loss at step 20: [0.4559503], acc: [0.8125]
[INFO: train.py:  217]: valid Loss at step 40: [1.0058666], acc: [0.71875]
[INFO: train.py:  217]: valid Loss at step 60: [0.4562556], acc: [0.875]
[INFO: train.py:  217]: valid Loss at step 80: [0.23775107], acc: [0.9375]
[INFO: train.py:  217]: valid Loss at step 100: [0.19992673], acc: [1.]
[INFO: train.py:  220]: 验证集准确率为:0.9120762944221497
[INFO: train.py:  222]: 验证集loss为:0.29858192801475525
[INFO: train.py:  257]: Namespace(batch_size=None, config='./configs/c3d_ucf101.yaml', epoch=None, learning_rate=None, model_name='c3d', pretrain='./pretrain/r3d50_km_200ep', resume=True, save_dir='./checkpoints', use_gpu=True)
[INFO: train.py:   82]: 2020-09-04 08:05:41.789004
[INFO: config.py:   68]: ---------------- Train Arguments ----------------
[INFO: config.py:   70]: MODEL:
[INFO: config.py:   72]:     name:C3D
[INFO: config.py:   72]:     format:jpg
[INFO: config.py:   72]:     num_classes:101
[INFO: config.py:   72]:     seg_num:1
[INFO: config.py:   72]:     seglen:16
[INFO: config.py:   72]:     step:1
[INFO: config.py:   72]:     image_mean:[0.485, 0.456, 0.406]
[INFO: config.py:   72]:     image_std:[0.229, 0.224, 0.225]
[INFO: config.py:   72]:     num_layers:50
[INFO: config.py:   72]:     topk:5
[INFO: config.py:   72]:     classind:./data/ucf101_splite/classInd.txt
[INFO: config.py:   70]: TRAIN:
[INFO: config.py:   72]:     epoch:12
[INFO: config.py:   72]:     short_size:120
[INFO: config.py:   72]:     target_size:112
[INFO: config.py:   72]:     num_reader_threads:12
[INFO: config.py:   72]:     seg_num:1
[INFO: config.py:   72]:     buf_size:1024
[INFO: config.py:   72]:     batch_size:256
[INFO: config.py:   72]:     use_gpu:True
[INFO: config.py:   72]:     num_gpus:1
[INFO: config.py:   72]:     filelist:./data/ucf101_splite/trainlist01.txt
[INFO: config.py:   72]:     learning_rate:0.0001
[INFO: config.py:   72]:     learning_rate_decay:1
[INFO: config.py:   72]:     l2_weight_decay:0.001
[INFO: config.py:   72]:     momentum:0.9
[INFO: config.py:   72]:     video_path:./data/ucf101
[INFO: config.py:   72]:     total_videos:9537
[INFO: config.py:   70]: VALID:
[INFO: config.py:   72]:     short_size:120
[INFO: config.py:   72]:     target_size:112
[INFO: config.py:   72]:     seg_num:1
[INFO: config.py:   72]:     num_reader_threads:12
[INFO: config.py:   72]:     buf_size:1024
[INFO: config.py:   72]:     batch_size:32
[INFO: config.py:   72]:     filelist:./data/ucf101_splite/testlist01.txt
[INFO: config.py:   72]:     video_path:./data/ucf101
[INFO: config.py:   70]: TEST:
[INFO: config.py:   72]:     seg_num:1
[INFO: config.py:   72]:     short_size:120
[INFO: config.py:   72]:     target_size:112
[INFO: config.py:   72]:     num_reader_threads:6
[INFO: config.py:   72]:     buf_size:1024
[INFO: config.py:   72]:     batch_size:1
[INFO: config.py:   72]:     filelist:./data/ucf101_splite/testlist01.txt
[INFO: config.py:   72]:     video_path:./data/ucf101
[INFO: config.py:   73]: -------------------------------------------------
[INFO: train.py:  160]: Epoch0 lr=0.0001
[INFO: ucf101_reader.py:  232]: trainerid 0, trainer_count 1
[INFO: ucf101_reader.py:  236]: read images from 0, length: 9537, lines length: 9537, total: 9537
[INFO: train.py:  194]: Loss at epoch 0 step 0: [0.0550096], acc: [0.984375]
[INFO: train.py:  194]: Loss at epoch 0 step 10: [0.05267344], acc: [0.9921875]
[INFO: train.py:  194]: Loss at epoch 0 step 20: [0.05021099], acc: [0.9921875]
[INFO: train.py:  194]: Loss at epoch 0 step 30: [0.04665719], acc: [0.99609375]
[INFO: ucf101_reader.py:  232]: trainerid 0, trainer_count 1
[INFO: ucf101_reader.py:  236]: read images from 0, length: 3783, lines length: 3783, total: 3783
[INFO: train.py:  217]: valid Loss at step 0: [0.02850317], acc: [1.]
[INFO: train.py:  217]: valid Loss at step 20: [0.4529142], acc: [0.8125]
[INFO: train.py:  217]: valid Loss at step 40: [0.9393703], acc: [0.71875]
[INFO: train.py:  217]: valid Loss at step 60: [0.47562218], acc: [0.875]
[INFO: train.py:  217]: valid Loss at step 80: [0.2517112], acc: [0.9375]
[INFO: train.py:  217]: valid Loss at step 100: [0.18707158], acc: [1.]
[INFO: train.py:  220]: 验证集准确率为:0.9110169410705566
[INFO: train.py:  222]: 验证集loss为:0.2992098927497864
[INFO: train.py:  160]: Epoch1 lr=9.999999747378752e-05
[INFO: ucf101_reader.py:  232]: trainerid 0, trainer_count 1
[INFO: ucf101_reader.py:  236]: read images from 0, length: 9537, lines length: 9537, total: 9537
[INFO: train.py:  194]: Loss at epoch 1 step 0: [0.04546169], acc: [0.99609375]
[INFO: train.py:  194]: Loss at epoch 1 step 10: [0.04186732], acc: [0.99609375]
[INFO: train.py:  194]: Loss at epoch 1 step 20: [0.04418884], acc: [0.9921875]
[INFO: train.py:  194]: Loss at epoch 1 step 30: [0.05020945], acc: [0.9921875]
[INFO: ucf101_reader.py:  232]: trainerid 0, trainer_count 1
[INFO: ucf101_reader.py:  236]: read images from 0, length: 3783, lines length: 3783, total: 3783
[INFO: train.py:  217]: valid Loss at step 0: [0.02586565], acc: [1.]
[INFO: train.py:  217]: valid Loss at step 20: [0.4584163], acc: [0.8125]
[INFO: train.py:  217]: valid Loss at step 40: [0.9756197], acc: [0.71875]
[INFO: train.py:  217]: valid Loss at step 60: [0.504066], acc: [0.875]
[INFO: train.py:  217]: valid Loss at step 80: [0.24751799], acc: [0.9375]
[INFO: train.py:  217]: valid Loss at step 100: [0.19145598], acc: [1.]
[INFO: train.py:  220]: 验证集准确率为:0.9123411178588867
[INFO: train.py:  222]: 验证集loss为:0.2964981496334076
[INFO: train.py:  160]: Epoch2 lr=9.999999747378752e-05
[INFO: ucf101_reader.py:  232]: trainerid 0, trainer_count 1
[INFO: ucf101_reader.py:  236]: read images from 0, length: 9537, lines length: 9537, total: 9537
[INFO: train.py:  194]: Loss at epoch 2 step 0: [0.06111307], acc: [0.9921875]
[INFO: train.py:  194]: Loss at epoch 2 step 10: [0.04066482], acc: [1.]
[INFO: train.py:  194]: Loss at epoch 2 step 20: [0.03848328], acc: [1.]
[INFO: train.py:  194]: Loss at epoch 2 step 30: [0.05575304], acc: [0.99609375]
[INFO: ucf101_reader.py:  232]: trainerid 0, trainer_count 1
[INFO: ucf101_reader.py:  236]: read images from 0, length: 3783, lines length: 3783, total: 3783
[INFO: train.py:  217]: valid Loss at step 0: [0.02719653], acc: [1.]
[INFO: train.py:  217]: valid Loss at step 20: [0.45646614], acc: [0.8125]
[INFO: train.py:  217]: valid Loss at step 40: [0.9129478], acc: [0.71875]
[INFO: train.py:  217]: valid Loss at step 60: [0.5067265], acc: [0.875]
[INFO: train.py:  217]: valid Loss at step 80: [0.24584557], acc: [0.9375]
[INFO: train.py:  217]: valid Loss at step 100: [0.18192564], acc: [1.]
[INFO: train.py:  220]: 验证集准确率为:0.9128707647323608
[INFO: train.py:  222]: 验证集loss为:0.2961423397064209
[INFO: train.py:  160]: Epoch3 lr=9.999999747378752e-05
[INFO: ucf101_reader.py:  232]: trainerid 0, trainer_count 1
[INFO: ucf101_reader.py:  236]: read images from 0, length: 9537, lines length: 9537, total: 9537
[INFO: train.py:  194]: Loss at epoch 3 step 0: [0.04551924], acc: [0.9921875]
[INFO: train.py:  194]: Loss at epoch 3 step 10: [0.03874899], acc: [0.99609375]
[INFO: train.py:  194]: Loss at epoch 3 step 20: [0.07691981], acc: [0.98046875]
[INFO: train.py:  194]: Loss at epoch 3 step 30: [0.06203455], acc: [0.984375]
[INFO: ucf101_reader.py:  232]: trainerid 0, trainer_count 1
[INFO: ucf101_reader.py:  236]: read images from 0, length: 3783, lines length: 3783, total: 3783
[INFO: train.py:  217]: valid Loss at step 0: [0.02395173], acc: [1.]
[INFO: train.py:  217]: valid Loss at step 20: [0.43524876], acc: [0.8125]
[INFO: train.py:  217]: valid Loss at step 40: [0.93612134], acc: [0.71875]
[INFO: train.py:  217]: valid Loss at step 60: [0.49288467], acc: [0.84375]
[INFO: train.py:  217]: valid Loss at step 80: [0.23884122], acc: [0.9375]
[INFO: train.py:  217]: valid Loss at step 100: [0.19522905], acc: [1.]
[INFO: train.py:  220]: 验证集准确率为:0.913400411605835
[INFO: train.py:  222]: 验证集loss为:0.2968079745769501
[INFO: train.py:  160]: Epoch4 lr=9.999999747378752e-05
[INFO: ucf101_reader.py:  232]: trainerid 0, trainer_count 1
[INFO: ucf101_reader.py:  236]: read images from 0, length: 9537, lines length: 9537, total: 9537
[INFO: train.py:  194]: Loss at epoch 4 step 0: [0.04367945], acc: [0.9921875]
[INFO: train.py:  194]: Loss at epoch 4 step 10: [0.04352209], acc: [0.99609375]
[INFO: train.py:  194]: Loss at epoch 4 step 20: [0.05931976], acc: [0.9921875]
[INFO: train.py:  194]: Loss at epoch 4 step 30: [0.05676597], acc: [0.98828125]
[INFO: ucf101_reader.py:  232]: trainerid 0, trainer_count 1
[INFO: ucf101_reader.py:  236]: read images from 0, length: 3783, lines length: 3783, total: 3783
[INFO: train.py:  217]: valid Loss at step 0: [0.02718547], acc: [1.]
[INFO: train.py:  217]: valid Loss at step 20: [0.4702854], acc: [0.8125]
[INFO: train.py:  217]: valid Loss at step 40: [0.9771613], acc: [0.71875]
[INFO: train.py:  217]: valid Loss at step 60: [0.47301394], acc: [0.875]
[INFO: train.py:  217]: valid Loss at step 80: [0.25239643], acc: [0.9375]
[INFO: train.py:  217]: valid Loss at step 100: [0.1926068], acc: [1.]
[INFO: train.py:  220]: 验证集准确率为:0.914459764957428
[INFO: train.py:  222]: 验证集loss为:0.2949058711528778
[INFO: train.py:  160]: Epoch5 lr=9.999999747378752e-05
[INFO: ucf101_reader.py:  232]: trainerid 0, trainer_count 1
[INFO: ucf101_reader.py:  236]: read images from 0, length: 9537, lines length: 9537, total: 9537
[INFO: train.py:  194]: Loss at epoch 5 step 0: [0.07204247], acc: [0.9921875]
[INFO: train.py:  194]: Loss at epoch 5 step 10: [0.04395351], acc: [0.99609375]
[INFO: train.py:  194]: Loss at epoch 5 step 20: [0.04918759], acc: [0.9921875]
[INFO: train.py:  194]: Loss at epoch 5 step 30: [0.05748811], acc: [0.984375]
[INFO: ucf101_reader.py:  232]: trainerid 0, trainer_count 1
[INFO: ucf101_reader.py:  236]: read images from 0, length: 3783, lines length: 3783, total: 3783
[INFO: train.py:  217]: valid Loss at step 0: [0.0265801], acc: [1.]
[INFO: train.py:  217]: valid Loss at step 20: [0.4594407], acc: [0.8125]
[INFO: train.py:  217]: valid Loss at step 40: [0.8900089], acc: [0.71875]
[INFO: train.py:  217]: valid Loss at step 60: [0.56304353], acc: [0.8125]
[INFO: train.py:  217]: valid Loss at step 80: [0.24091083], acc: [0.9375]
[INFO: train.py:  217]: valid Loss at step 100: [0.18460532], acc: [1.]
[INFO: train.py:  220]: 验证集准确率为:0.9123411178588867
[INFO: train.py:  222]: 验证集loss为:0.29901817440986633
[INFO: train.py:  160]: Epoch6 lr=9.999999747378752e-05
[INFO: ucf101_reader.py:  232]: trainerid 0, trainer_count 1
[INFO: ucf101_reader.py:  236]: read images from 0, length: 9537, lines length: 9537, total: 9537
[INFO: train.py:  194]: Loss at epoch 6 step 0: [0.05111967], acc: [0.99609375]
[INFO: train.py:  194]: Loss at epoch 6 step 10: [0.03674626], acc: [0.99609375]
[INFO: train.py:  194]: Loss at epoch 6 step 20: [0.0562804], acc: [0.9921875]
[INFO: train.py:  194]: Loss at epoch 6 step 30: [0.06275313], acc: [0.98828125]
[INFO: ucf101_reader.py:  232]: trainerid 0, trainer_count 1
[INFO: ucf101_reader.py:  236]: read images from 0, length: 3783, lines length: 3783, total: 3783
[INFO: train.py:  217]: valid Loss at step 0: [0.02759912], acc: [1.]
[INFO: train.py:  217]: valid Loss at step 20: [0.45134598], acc: [0.8125]
[INFO: train.py:  217]: valid Loss at step 40: [0.92944133], acc: [0.71875]
[INFO: train.py:  217]: valid Loss at step 60: [0.3926207], acc: [0.90625]
[INFO: train.py:  217]: valid Loss at step 80: [0.25122714], acc: [0.9375]
[INFO: train.py:  217]: valid Loss at step 100: [0.1669712], acc: [1.]
[INFO: train.py:  220]: 验证集准确率为:0.9104872941970825
[INFO: train.py:  222]: 验证集loss为:0.2980167269706726
[INFO: train.py:  160]: Epoch7 lr=9.999999747378752e-05
[INFO: ucf101_reader.py:  232]: trainerid 0, trainer_count 1
[INFO: ucf101_reader.py:  236]: read images from 0, length: 9537, lines length: 9537, total: 9537
[INFO: train.py:  194]: Loss at epoch 7 step 0: [0.05093843], acc: [0.99609375]
[INFO: train.py:  194]: Loss at epoch 7 step 10: [0.05601061], acc: [0.9921875]
[INFO: train.py:  194]: Loss at epoch 7 step 20: [0.04454489], acc: [1.]
[INFO: train.py:  194]: Loss at epoch 7 step 30: [0.07087121], acc: [0.984375]
[INFO: ucf101_reader.py:  232]: trainerid 0, trainer_count 1
[INFO: ucf101_reader.py:  236]: read images from 0, length: 3783, lines length: 3783, total: 3783
[INFO: train.py:  217]: valid Loss at step 0: [0.02736413], acc: [1.]
[INFO: train.py:  217]: valid Loss at step 20: [0.43490165], acc: [0.84375]
[INFO: train.py:  217]: valid Loss at step 40: [1.0080122], acc: [0.71875]
[INFO: train.py:  217]: valid Loss at step 60: [0.39093885], acc: [0.875]
[INFO: train.py:  217]: valid Loss at step 80: [0.2658461], acc: [0.9375]
[INFO: train.py:  217]: valid Loss at step 100: [0.19273153], acc: [1.]
[INFO: train.py:  220]: 验证集准确率为:0.9126059412956238
[INFO: train.py:  222]: 验证集loss为:0.2964799404144287
[INFO: train.py:  160]: Epoch8 lr=9.999999747378752e-05
[INFO: ucf101_reader.py:  232]: trainerid 0, trainer_count 1
[INFO: ucf101_reader.py:  236]: read images from 0, length: 9537, lines length: 9537, total: 9537
[INFO: train.py:  194]: Loss at epoch 8 step 0: [0.05640447], acc: [0.9921875]
[INFO: eval.py:  112]: Namespace(batch_size=None, config='configs/c3d_ucf101.yaml', model_name='c3d', use_gpu=True, weights='./checkpoints/resnet_3d_model')
[INFO: config.py:   68]: ----------------  test Arguments ----------------
[INFO: config.py:   70]: MODEL:
[INFO: config.py:   72]:     name:C3D
[INFO: config.py:   72]:     format:jpg
[INFO: config.py:   72]:     num_classes:101
[INFO: config.py:   72]:     seg_num:1
[INFO: config.py:   72]:     seglen:16
[INFO: config.py:   72]:     step:1
[INFO: config.py:   72]:     image_mean:[0.485, 0.456, 0.406]
[INFO: config.py:   72]:     image_std:[0.229, 0.224, 0.225]
[INFO: config.py:   72]:     num_layers:50
[INFO: config.py:   72]:     topk:5
[INFO: config.py:   72]:     classind:./data/ucf101_splite/classInd.txt
[INFO: config.py:   70]: TRAIN:
[INFO: config.py:   72]:     epoch:12
[INFO: config.py:   72]:     short_size:120
[INFO: config.py:   72]:     target_size:112
[INFO: config.py:   72]:     num_reader_threads:12
[INFO: config.py:   72]:     seg_num:1
[INFO: config.py:   72]:     buf_size:1024
[INFO: config.py:   72]:     batch_size:256
[INFO: config.py:   72]:     use_gpu:True
[INFO: config.py:   72]:     num_gpus:1
[INFO: config.py:   72]:     filelist:./data/ucf101_splite/trainlist01.txt
[INFO: config.py:   72]:     learning_rate:0.0001
[INFO: config.py:   72]:     learning_rate_decay:1
[INFO: config.py:   72]:     l2_weight_decay:0.001
[INFO: config.py:   72]:     momentum:0.9
[INFO: config.py:   72]:     video_path:./data/ucf101
[INFO: config.py:   72]:     total_videos:9537
[INFO: config.py:   70]: VALID:
[INFO: config.py:   72]:     short_size:120
[INFO: config.py:   72]:     target_size:112
[INFO: config.py:   72]:     seg_num:1
[INFO: config.py:   72]:     num_reader_threads:12
[INFO: config.py:   72]:     buf_size:1024
[INFO: config.py:   72]:     batch_size:32
[INFO: config.py:   72]:     filelist:./data/ucf101_splite/testlist01.txt
[INFO: config.py:   72]:     video_path:./data/ucf101
[INFO: config.py:   70]: TEST:
[INFO: config.py:   72]:     seg_num:1
[INFO: config.py:   72]:     short_size:120
[INFO: config.py:   72]:     target_size:112
[INFO: config.py:   72]:     num_reader_threads:6
[INFO: config.py:   72]:     buf_size:1024
[INFO: config.py:   72]:     batch_size:1
[INFO: config.py:   72]:     filelist:./data/ucf101_splite/testlist01.txt
[INFO: config.py:   72]:     video_path:./data/ucf101
[INFO: config.py:   73]: -------------------------------------------------
[INFO: ucf101_reader.py:  232]: trainerid 0, trainer_count 1
[INFO: ucf101_reader.py:  236]: read images from 0, length: 3783, lines length: 3783, total: 3783
[INFO: eval.py:  100]: valid Loss at step 300:  acc: 0.9534883499145508
[INFO: eval.py:  100]: valid Loss at step 600:  acc: 0.9900000095367432
[INFO: eval.py:  100]: valid Loss at step 900:  acc: 0.8533333539962769
[INFO: eval.py:  100]: valid Loss at step 1200:  acc: 0.9433333277702332
[INFO: eval.py:  100]: valid Loss at step 1500:  acc: 0.8500000238418579
[INFO: eval.py:  100]: valid Loss at step 1800:  acc: 0.9633333086967468
[INFO: eval.py:  100]: valid Loss at step 2100:  acc: 0.8966666460037231
[INFO: eval.py:  100]: valid Loss at step 2400:  acc: 0.9766666889190674
[INFO: eval.py:  100]: valid Loss at step 2700:  acc: 0.9599999785423279
[INFO: eval.py:  100]: valid Loss at step 3000:  acc: 0.9133333563804626
[INFO: eval.py:  100]: valid Loss at step 3300:  acc: 0.9900000095367432
[INFO: eval.py:  100]: valid Loss at step 3600:  acc: 0.949999988079071
[INFO: eval.py:  103]: 验证集准确率为:0.9376156330108643
